  StarcraftChess.cpp
C:\Users\millk290\Documents\GitHub\StarcraftChess\StarcraftChess\StarcraftChess.cpp(101,16): warning C4244: 'initializing': conversion from 'float' to 'int', possible loss of data
C:\Users\millk290\Documents\GitHub\StarcraftChess\StarcraftChess\StarcraftChess.cpp(102,16): warning C4244: 'initializing': conversion from 'float' to 'int', possible loss of data
C:\Users\millk290\Documents\GitHub\StarcraftChess\StarcraftChess\StarcraftChess.cpp(286,15): warning C4244: '=': conversion from 'int' to 'float', possible loss of data
C:\Users\millk290\Documents\GitHub\StarcraftChess\StarcraftChess\StarcraftChess.cpp(287,15): warning C4244: '=': conversion from 'int' to 'float', possible loss of data
C:\Users\millk290\Documents\GitHub\StarcraftChess\StarcraftChess\StarcraftChess.cpp(317,16): warning C4244: 'argument': conversion from 'float' to 'int', possible loss of data
C:\Users\millk290\Documents\GitHub\StarcraftChess\StarcraftChess\StarcraftChess.cpp(317,22): warning C4244: 'argument': conversion from 'float' to 'int', possible loss of data
C:\Users\millk290\Documents\GitHub\StarcraftChess\StarcraftChess\StarcraftChess.cpp(375,55): warning C4244: 'argument': conversion from 'double' to 'float', possible loss of data
C:\Users\millk290\Documents\GitHub\StarcraftChess\StarcraftChess\StarcraftChess.cpp(376,55): warning C4244: 'argument': conversion from 'double' to 'float', possible loss of data
C:\Users\millk290\Documents\GitHub\StarcraftChess\StarcraftChess\StarcraftChess.cpp(380,62): warning C4244: 'argument': conversion from 'double' to 'float', possible loss of data
C:\Users\millk290\Documents\GitHub\StarcraftChess\StarcraftChess\StarcraftChess.cpp(381,63): warning C4244: 'argument': conversion from 'double' to 'float', possible loss of data
C:\Users\millk290\Documents\GitHub\StarcraftChess\StarcraftChess\StarcraftChess.cpp(389,56): warning C4244: 'argument': conversion from 'double' to 'float', possible loss of data
C:\Users\millk290\Documents\GitHub\StarcraftChess\StarcraftChess\StarcraftChess.cpp(390,55): warning C4244: 'argument': conversion from 'double' to 'float', possible loss of data
C:\Users\millk290\Documents\GitHub\StarcraftChess\StarcraftChess\StarcraftChess.cpp(394,62): warning C4244: 'argument': conversion from 'double' to 'float', possible loss of data
C:\Users\millk290\Documents\GitHub\StarcraftChess\StarcraftChess\StarcraftChess.cpp(395,64): warning C4244: 'argument': conversion from 'double' to 'float', possible loss of data
C:\Users\millk290\Documents\GitHub\StarcraftChess\StarcraftChess\StarcraftChess.cpp(440,52): warning C4244: 'argument': conversion from 'int' to 'float', possible loss of data
C:\Users\millk290\Documents\GitHub\StarcraftChess\StarcraftChess\StarcraftChess.cpp(440,49): warning C4244: 'argument': conversion from 'int' to 'float', possible loss of data
C:\Users\millk290\Documents\GitHub\StarcraftChess\StarcraftChess\StarcraftChess.cpp(442,59): warning C4244: 'argument': conversion from 'int' to 'float', possible loss of data
C:\Users\millk290\Documents\GitHub\StarcraftChess\StarcraftChess\StarcraftChess.cpp(442,56): warning C4244: 'argument': conversion from 'int' to 'float', possible loss of data
C:\Users\millk290\Documents\GitHub\StarcraftChess\StarcraftChess\StarcraftChess.cpp(456,25): warning C4305: '+=': truncation from 'double' to 'float'
C:\Users\millk290\Documents\GitHub\StarcraftChess\StarcraftChess\StarcraftChess.cpp(500,25): warning C4305: '+=': truncation from 'double' to 'float'
C:\Users\millk290\Documents\GitHub\StarcraftChess\StarcraftChess\StarcraftChess.cpp(512,58): warning C4244: 'argument': conversion from 'float' to 'int', possible loss of data
C:\Users\millk290\Documents\GitHub\StarcraftChess\StarcraftChess\StarcraftChess.cpp(512,45): warning C4244: 'argument': conversion from 'float' to 'int', possible loss of data
C:\Users\millk290\Documents\GitHub\StarcraftChess\StarcraftChess\StarcraftChess.cpp(130): warning C4715: 'ChessHelper::TypeToModel': not all control paths return a value
  StarcraftChess.vcxproj -> C:\Users\millk290\Documents\GitHub\StarcraftChess\x64\Debug\StarcraftChess.exe
